Buscando DBFs en: C:\CovellogZarca\data
Archivos encontrados: 87
Archivo: C:\CovellogZarca\data\ConceptesFacturacio.dbf, Tamaño: 1.07 KB, Modificado: 2023-10-22 19:06:23
Archivo: C:\CovellogZarca\data\Depot.dbf, Tamaño: 328 B, Modificado: 2012-01-30 11:15:38
Archivo: C:\CovellogZarca\data\Preu.dbf, Tamaño: 456 B, Modificado: 2023-10-22 19:12:24
Archivo: C:\CovellogZarca\data\ProducteCompost.dbf, Tamaño: 328 B, Modificado: 2012-01-30 13:45:04
Archivo: C:\CovellogZarca\data\ProducteSimple.dbf, Tamaño: 328 B, Modificado: 2012-01-30 13:45:24
Archivo: C:\CovellogZarca\data\TextesContracteClient.dbf, Tamaño: 379 B, Modificado: 2014-06-18 08:01:43
Archivo: C:\CovellogZarca\data\TextesContracteEspecifics.dbf, Tamaño: 370 B, Modificado: 2014-06-18 08:11:26
Archivo: C:\CovellogZarca\data\TipusClient.dbf, Tamaño: 678 B, Modificado: 2023-10-22 19:15:38
Archivo: C:\CovellogZarca\data\TipusVia.dbf, Tamaño: 1.07 KB, Modificado: 2014-07-02 11:32:31
Archivo: C:\CovellogZarca\data\UbicacioProducte.dbf, Tamaño: 456 B, Modificado: 2023-10-22 19:20:55
Archivo: C:\CovellogZarca\data\albara.dbf, Tamaño: 15.55 MB, Modificado: 2024-11-11 10:08:07
Archivo: C:\CovellogZarca\data\anotaciocontable.dbf, Tamaño: 49.06 MB, Modificado: 2024-11-11 04:02:11
Archivo: C:\CovellogZarca\data\baixa.dbf, Tamaño: 648 B, Modificado: 2012-01-30 11:10:24
Archivo: C:\CovellogZarca\data\client.dbf, Tamaño: 328 B, Modificado: 2012-01-30 11:11:45
Archivo: C:\CovellogZarca\data\compra.dbf, Tamaño: 604.29 KB, Modificado: 2024-11-07 13:08:58
Archivo: C:\CovellogZarca\data\comptebancari.dbf, Tamaño: 681 B, Modificado: 2014-07-30 11:29:02
Archivo: C:\CovellogZarca\data\configuracio.dbf, Tamaño: 1.19 KB, Modificado: 2019-12-06 00:02:30
Archivo: C:\CovellogZarca\data\cost.dbf, Tamaño: 4.17 KB, Modificado: 2015-06-12 07:28:33
Archivo: C:\CovellogZarca\data\creaciopdf.dbf, Tamaño: 6.16 MB, Modificado: 2024-11-11 09:48:34
Archivo: C:\CovellogZarca\data\emptransport.dbf, Tamaño: 349 B, Modificado: 2012-01-31 11:03:44
Archivo: C:\CovellogZarca\data\enviamentemailfactura.dbf, Tamaño: 2.26 KB, Modificado: 2017-05-31 13:45:34
Archivo: C:\CovellogZarca\data\equipsconnectats.dbf, Tamaño: 2.37 MB, Modificado: 2024-11-11 10:39:21
Archivo: C:\CovellogZarca\data\estat_contable_contracte.dbf, Tamaño: 290.76 KB, Modificado: 2024-11-11 10:19:03
Archivo: C:\CovellogZarca\data\estatproducte.dbf, Tamaño: 24.67 KB, Modificado: 2024-09-30 12:40:16
Archivo: C:\CovellogZarca\data\event.dbf, Tamaño: 676 B, Modificado: 2019-10-02 22:13:25
Archivo: C:\CovellogZarca\data\exportnav.dbf, Tamaño: 424 B, Modificado: 2012-01-30 11:16:39
Archivo: C:\CovellogZarca\data\fiances_no_retornades.dbf, Tamaño: 392 B, Modificado: 2018-01-10 08:52:07
Archivo: C:\CovellogZarca\data\formespagament.dbf, Tamaño: 1.96 KB, Modificado: 2019-04-25 22:12:00
Archivo: C:\CovellogZarca\data\fpvendacontracte.dbf, Tamaño: 564.83 KB, Modificado: 2024-11-11 08:38:57
Archivo: C:\CovellogZarca\data\fpvendaempresa.dbf, Tamaño: 61.09 KB, Modificado: 2024-11-09 08:06:15
Archivo: C:\CovellogZarca\data\fpvendaoferta.dbf, Tamaño: 671.87 KB, Modificado: 2024-11-08 14:15:23
Archivo: C:\CovellogZarca\data\incidencia.dbf, Tamaño: 1.87 MB, Modificado: 2024-11-07 16:35:55
Archivo: C:\CovellogZarca\data\infoEmpresa.dbf, Tamaño: 2.15 KB, Modificado: 2023-08-08 11:05:07
Archivo: C:\CovellogZarca\data\linalbara.dbf, Tamaño: 329.91 KB, Modificado: 2024-11-11 10:08:07
Archivo: C:\CovellogZarca\data\lincompra.dbf, Tamaño: 1.89 MB, Modificado: 2024-11-07 13:08:58
Archivo: C:\CovellogZarca\data\linincidencia.dbf, Tamaño: 342.92 KB, Modificado: 2024-11-07 16:35:55
Archivo: C:\CovellogZarca\data\linoferta.dbf, Tamaño: 79.9 MB, Modificado: 2024-11-11 09:04:10
Archivo: C:\CovellogZarca\data\linordretreball.dbf, Tamaño: 332.43 KB, Modificado: 2024-11-11 08:46:04
Archivo: C:\CovellogZarca\data\linrevisio.dbf, Tamaño: 482.27 KB, Modificado: 2024-11-06 18:36:28
Archivo: C:\CovellogZarca\data\linvendaprod.dbf, Tamaño: 552 B, Modificado: 2012-01-30 13:38:39
Archivo: C:\CovellogZarca\data\lloguerproducte.dbf, Tamaño: 10 KB, Modificado: 2024-11-06 13:16:22
Archivo: C:\CovellogZarca\data\mensajeerror.dbf, Tamaño: 129.33 KB, Modificado: 2019-10-02 21:33:13
Archivo: C:\CovellogZarca\data\mensajewarning.dbf, Tamaño: 976 B, Modificado: 2007-01-30 10:19:36
Archivo: C:\CovellogZarca\data\moviment.dbf, Tamaño: 9.72 MB, Modificado: 2024-11-11 10:14:25
Archivo: C:\CovellogZarca\data\objectiu.dbf, Tamaño: 1.49 KB, Modificado: 2023-11-03 13:20:01
Archivo: C:\CovellogZarca\data\oferta.dbf, Tamaño: 16.12 MB, Modificado: 2024-11-11 09:04:07
Archivo: C:\CovellogZarca\data\ordretreball.dbf, Tamaño: 3.89 MB, Modificado: 2024-11-11 08:46:03
Archivo: C:\CovellogZarca\data\paisos.dbf, Tamaño: 3.96 KB, Modificado: 2015-12-09 12:10:50
Archivo: C:\CovellogZarca\data\peticioemailfactura.dbf, Tamaño: 4.63 KB, Modificado: 2024-05-01 18:47:05
Archivo: C:\CovellogZarca\data\placacont.dbf, Tamaño: 547 B, Modificado: 2014-08-21 10:25:14
Archivo: C:\CovellogZarca\data\poblacio.dbf, Tamaño: 89.51 KB, Modificado: 2023-10-20 12:29:55
Archivo: C:\CovellogZarca\data\primarykeys.dbf, Tamaño: 1.56 KB, Modificado: 2024-11-11 09:04:07
Archivo: C:\CovellogZarca\data\producte.dbf, Tamaño: 1.82 MB, Modificado: 2024-11-07 13:09:16
Archivo: C:\CovellogZarca\data\proveidor.dbf, Tamaño: 328 B, Modificado: 2012-01-30 13:45:34
Archivo: C:\CovellogZarca\data\rebut.dbf, Tamaño: 3.59 MB, Modificado: 2024-11-07 14:03:34
Archivo: C:\CovellogZarca\data\registreevent.dbf, Tamaño: 1.38 MB, Modificado: 2024-11-11 07:31:52
Archivo: C:\CovellogZarca\data\revisio.dbf, Tamaño: 646.48 KB, Modificado: 2024-11-06 18:39:57
Archivo: C:\CovellogZarca\data\revisiofrigos.dbf, Tamaño: 541 B, Modificado: 2024-08-08 11:10:37
Archivo: C:\CovellogZarca\data\stock.dbf, Tamaño: 87.46 KB, Modificado: 2024-11-11 10:14:25
Archivo: C:\CovellogZarca\data\superfamiliaproducte.dbf, Tamaño: 621 B, Modificado: 2015-07-01 08:54:35
Archivo: C:\CovellogZarca\data\supertipusproducte.dbf, Tamaño: 15.85 KB, Modificado: 2024-03-22 13:39:44
Archivo: C:\CovellogZarca\data\tarifaproductes.dbf, Tamaño: 40.74 KB, Modificado: 2024-04-11 16:38:41
Archivo: C:\CovellogZarca\data\tarifatransport.dbf, Tamaño: 492.77 KB, Modificado: 2023-10-20 12:29:44
Archivo: C:\CovellogZarca\data\tipusPlug.dbf, Tamaño: 436 B, Modificado: 2014-09-17 09:11:09
Archivo: C:\CovellogZarca\data\tipusfactura.dbf, Tamaño: 706 B, Modificado: 2018-05-09 14:00:47
Archivo: C:\CovellogZarca\data\tipusproducte.dbf, Tamaño: 375.54 KB, Modificado: 2024-09-05 06:01:26
Archivo: C:\CovellogZarca\data\venciments.dbf, Tamaño: 1016 B, Modificado: 2018-08-17 11:46:49
Archivo: C:\CovellogZarca\data\vistataula.dbf, Tamaño: 433.45 KB, Modificado: 2024-11-11 10:49:22
Archivo: C:\CovellogZarca\data\ClausPrimaries.DBF, Tamaño: 1.59 KB, Modificado: 2024-11-11 10:44:57
Archivo: C:\CovellogZarca\data\FOXUSER.DBF, Tamaño: 6.27 KB, Modificado: 2022-10-28 18:51:37
Archivo: C:\CovellogZarca\data\Magatzem.DBF, Tamaño: 26 KB, Modificado: 2022-10-27 11:24:24
Archivo: C:\CovellogZarca\data\comercial.DBF, Tamaño: 4.6 KB, Modificado: 2024-05-10 06:59:07
Archivo: C:\CovellogZarca\data\comisionsfactura.DBF, Tamaño: 4.9 MB, Modificado: 2024-10-22 11:29:08
Archivo: C:\CovellogZarca\data\empresa.DBF, Tamaño: 4.16 MB, Modificado: 2024-11-09 09:34:58
Archivo: C:\CovellogZarca\data\factura.DBF, Tamaño: 377.14 MB, Modificado: 2024-11-11 10:22:26
Archivo: C:\CovellogZarca\data\factura_antes_limpieza.DBF, Tamaño: 40.63 MB, Modificado: 2022-04-03 22:50:33
Archivo: C:\CovellogZarca\data\familiaproducte.DBF, Tamaño: 2.23 KB, Modificado: 2020-02-18 22:10:13
Archivo: C:\CovellogZarca\data\fitxatecnica.DBF, Tamaño: 170.07 KB, Modificado: 2024-04-17 07:27:38
Archivo: C:\CovellogZarca\data\fpfactura.DBF, Tamaño: 1.46 MB, Modificado: 2024-11-11 10:23:01
Archivo: C:\CovellogZarca\data\linfactura.DBF, Tamaño: 292.8 MB, Modificado: 2024-11-11 10:22:26
Archivo: C:\CovellogZarca\data\linfactura_antes_limpieza.DBF, Tamaño: 51.26 MB, Modificado: 2022-04-03 22:50:22
Archivo: C:\CovellogZarca\data\linlloguer.DBF, Tamaño: 19.82 MB, Modificado: 2024-11-11 10:13:03
Archivo: C:\CovellogZarca\data\lloguer.DBF, Tamaño: 15.86 MB, Modificado: 2024-11-11 10:13:03
Archivo: C:\CovellogZarca\data\objectiucomercial.DBF, Tamaño: 1.77 KB, Modificado: 2024-06-21 10:38:35
Archivo: C:\CovellogZarca\data\obra.DBF, Tamaño: 3.93 MB, Modificado: 2024-11-11 09:27:04
Archivo: C:\CovellogZarca\data\tipuscamio.DBF, Tamaño: 5.56 KB, Modificado: 2024-09-04 14:05:56
Archivo: C:\CovellogZarca\data\usuari.DBF, Tamaño: 7.76 KB, Modificado: 2024-11-11 10:39:23
